D:\USERS\PAKULKARNI\DOCUMENTS\VISUAL STUDIO 2012\PROJECTS\TESLACOMPUTE\TESLACOMPUTE\DEBUG\TESLACOMPUTEMAIN.OBJ
D:\USERS\PAKULKARNI\DOCUMENTS\VISUAL STUDIO 2012\PROJECTS\TESLACOMPUTE\TESLACOMPUTE\DEBUG\VC110.PDB
D:\USERS\PAKULKARNI\DOCUMENTS\VISUAL STUDIO 2012\PROJECTS\TESLACOMPUTE\DEBUG\TESLACOMPUTE.ILK
D:\USERS\PAKULKARNI\DOCUMENTS\VISUAL STUDIO 2012\PROJECTS\TESLACOMPUTE\DEBUG\TESLACOMPUTE.EXE
D:\USERS\PAKULKARNI\DOCUMENTS\VISUAL STUDIO 2012\PROJECTS\TESLACOMPUTE\DEBUG\TESLACOMPUTE.PDB
D:\Users\pakulkarni\Documents\Visual Studio 2012\Projects\TeslaCompute\TeslaCompute\Debug\TeslaComputeMain.obj
D:\Users\pakulkarni\Documents\Visual Studio 2012\Projects\TeslaCompute\TeslaCompute\Debug\cl.command.1.tlog
D:\Users\pakulkarni\Documents\Visual Studio 2012\Projects\TeslaCompute\TeslaCompute\Debug\CL.read.1.tlog
D:\Users\pakulkarni\Documents\Visual Studio 2012\Projects\TeslaCompute\TeslaCompute\Debug\CL.write.1.tlog
D:\Users\pakulkarni\Documents\Visual Studio 2012\Projects\TeslaCompute\TeslaCompute\Debug\link-cvtres.read.1.tlog
D:\Users\pakulkarni\Documents\Visual Studio 2012\Projects\TeslaCompute\TeslaCompute\Debug\link-cvtres.write.1.tlog
D:\Users\pakulkarni\Documents\Visual Studio 2012\Projects\TeslaCompute\TeslaCompute\Debug\link-rc.read.1.tlog
D:\Users\pakulkarni\Documents\Visual Studio 2012\Projects\TeslaCompute\TeslaCompute\Debug\link-rc.write.1.tlog
D:\Users\pakulkarni\Documents\Visual Studio 2012\Projects\TeslaCompute\TeslaCompute\Debug\link.10116-cvtres.read.1.tlog
D:\Users\pakulkarni\Documents\Visual Studio 2012\Projects\TeslaCompute\TeslaCompute\Debug\link.10116-cvtres.write.1.tlog
D:\Users\pakulkarni\Documents\Visual Studio 2012\Projects\TeslaCompute\TeslaCompute\Debug\link.10116-rc.read.1.tlog
D:\Users\pakulkarni\Documents\Visual Studio 2012\Projects\TeslaCompute\TeslaCompute\Debug\link.10116-rc.write.1.tlog
D:\Users\pakulkarni\Documents\Visual Studio 2012\Projects\TeslaCompute\TeslaCompute\Debug\link.10116.read.1.tlog
D:\Users\pakulkarni\Documents\Visual Studio 2012\Projects\TeslaCompute\TeslaCompute\Debug\link.10116.write.1.tlog
D:\Users\pakulkarni\Documents\Visual Studio 2012\Projects\TeslaCompute\TeslaCompute\Debug\link.11048-cvtres.read.1.tlog
D:\Users\pakulkarni\Documents\Visual Studio 2012\Projects\TeslaCompute\TeslaCompute\Debug\link.11048-cvtres.write.1.tlog
D:\Users\pakulkarni\Documents\Visual Studio 2012\Projects\TeslaCompute\TeslaCompute\Debug\link.11048-rc.read.1.tlog
D:\Users\pakulkarni\Documents\Visual Studio 2012\Projects\TeslaCompute\TeslaCompute\Debug\link.11048-rc.write.1.tlog
D:\Users\pakulkarni\Documents\Visual Studio 2012\Projects\TeslaCompute\TeslaCompute\Debug\link.11048.read.1.tlog
D:\Users\pakulkarni\Documents\Visual Studio 2012\Projects\TeslaCompute\TeslaCompute\Debug\link.11048.write.1.tlog
D:\Users\pakulkarni\Documents\Visual Studio 2012\Projects\TeslaCompute\TeslaCompute\Debug\link.12848-cvtres.read.1.tlog
D:\Users\pakulkarni\Documents\Visual Studio 2012\Projects\TeslaCompute\TeslaCompute\Debug\link.12848-cvtres.write.1.tlog
D:\Users\pakulkarni\Documents\Visual Studio 2012\Projects\TeslaCompute\TeslaCompute\Debug\link.12848-rc.read.1.tlog
D:\Users\pakulkarni\Documents\Visual Studio 2012\Projects\TeslaCompute\TeslaCompute\Debug\link.12848-rc.write.1.tlog
D:\Users\pakulkarni\Documents\Visual Studio 2012\Projects\TeslaCompute\TeslaCompute\Debug\link.12848.read.1.tlog
D:\Users\pakulkarni\Documents\Visual Studio 2012\Projects\TeslaCompute\TeslaCompute\Debug\link.12848.write.1.tlog
D:\Users\pakulkarni\Documents\Visual Studio 2012\Projects\TeslaCompute\TeslaCompute\Debug\link.12892-cvtres.read.1.tlog
D:\Users\pakulkarni\Documents\Visual Studio 2012\Projects\TeslaCompute\TeslaCompute\Debug\link.12892-cvtres.write.1.tlog
D:\Users\pakulkarni\Documents\Visual Studio 2012\Projects\TeslaCompute\TeslaCompute\Debug\link.12892-rc.read.1.tlog
D:\Users\pakulkarni\Documents\Visual Studio 2012\Projects\TeslaCompute\TeslaCompute\Debug\link.12892-rc.write.1.tlog
D:\Users\pakulkarni\Documents\Visual Studio 2012\Projects\TeslaCompute\TeslaCompute\Debug\link.12892.read.1.tlog
D:\Users\pakulkarni\Documents\Visual Studio 2012\Projects\TeslaCompute\TeslaCompute\Debug\link.12892.write.1.tlog
D:\Users\pakulkarni\Documents\Visual Studio 2012\Projects\TeslaCompute\TeslaCompute\Debug\link.14044-cvtres.read.1.tlog
D:\Users\pakulkarni\Documents\Visual Studio 2012\Projects\TeslaCompute\TeslaCompute\Debug\link.14044-cvtres.write.1.tlog
D:\Users\pakulkarni\Documents\Visual Studio 2012\Projects\TeslaCompute\TeslaCompute\Debug\link.14044-rc.read.1.tlog
D:\Users\pakulkarni\Documents\Visual Studio 2012\Projects\TeslaCompute\TeslaCompute\Debug\link.14044-rc.write.1.tlog
D:\Users\pakulkarni\Documents\Visual Studio 2012\Projects\TeslaCompute\TeslaCompute\Debug\link.14044.read.1.tlog
D:\Users\pakulkarni\Documents\Visual Studio 2012\Projects\TeslaCompute\TeslaCompute\Debug\link.14044.write.1.tlog
D:\Users\pakulkarni\Documents\Visual Studio 2012\Projects\TeslaCompute\TeslaCompute\Debug\link.3256-cvtres.read.1.tlog
D:\Users\pakulkarni\Documents\Visual Studio 2012\Projects\TeslaCompute\TeslaCompute\Debug\link.3256-cvtres.write.1.tlog
D:\Users\pakulkarni\Documents\Visual Studio 2012\Projects\TeslaCompute\TeslaCompute\Debug\link.3256-rc.read.1.tlog
D:\Users\pakulkarni\Documents\Visual Studio 2012\Projects\TeslaCompute\TeslaCompute\Debug\link.3256-rc.write.1.tlog
D:\Users\pakulkarni\Documents\Visual Studio 2012\Projects\TeslaCompute\TeslaCompute\Debug\link.3256.read.1.tlog
D:\Users\pakulkarni\Documents\Visual Studio 2012\Projects\TeslaCompute\TeslaCompute\Debug\link.3256.write.1.tlog
D:\Users\pakulkarni\Documents\Visual Studio 2012\Projects\TeslaCompute\TeslaCompute\Debug\link.5924-cvtres.read.1.tlog
D:\Users\pakulkarni\Documents\Visual Studio 2012\Projects\TeslaCompute\TeslaCompute\Debug\link.5924-cvtres.write.1.tlog
D:\Users\pakulkarni\Documents\Visual Studio 2012\Projects\TeslaCompute\TeslaCompute\Debug\link.5924-rc.read.1.tlog
D:\Users\pakulkarni\Documents\Visual Studio 2012\Projects\TeslaCompute\TeslaCompute\Debug\link.5924-rc.write.1.tlog
D:\Users\pakulkarni\Documents\Visual Studio 2012\Projects\TeslaCompute\TeslaCompute\Debug\link.5924.read.1.tlog
D:\Users\pakulkarni\Documents\Visual Studio 2012\Projects\TeslaCompute\TeslaCompute\Debug\link.5924.write.1.tlog
D:\Users\pakulkarni\Documents\Visual Studio 2012\Projects\TeslaCompute\TeslaCompute\Debug\link.7060-cvtres.read.1.tlog
D:\Users\pakulkarni\Documents\Visual Studio 2012\Projects\TeslaCompute\TeslaCompute\Debug\link.7060-cvtres.write.1.tlog
D:\Users\pakulkarni\Documents\Visual Studio 2012\Projects\TeslaCompute\TeslaCompute\Debug\link.7060-rc.read.1.tlog
D:\Users\pakulkarni\Documents\Visual Studio 2012\Projects\TeslaCompute\TeslaCompute\Debug\link.7060-rc.write.1.tlog
D:\Users\pakulkarni\Documents\Visual Studio 2012\Projects\TeslaCompute\TeslaCompute\Debug\link.7060.read.1.tlog
D:\Users\pakulkarni\Documents\Visual Studio 2012\Projects\TeslaCompute\TeslaCompute\Debug\link.7060.write.1.tlog
D:\Users\pakulkarni\Documents\Visual Studio 2012\Projects\TeslaCompute\TeslaCompute\Debug\link.7224-cvtres.read.1.tlog
D:\Users\pakulkarni\Documents\Visual Studio 2012\Projects\TeslaCompute\TeslaCompute\Debug\link.7224-cvtres.write.1.tlog
D:\Users\pakulkarni\Documents\Visual Studio 2012\Projects\TeslaCompute\TeslaCompute\Debug\link.7224-rc.read.1.tlog
D:\Users\pakulkarni\Documents\Visual Studio 2012\Projects\TeslaCompute\TeslaCompute\Debug\link.7224-rc.write.1.tlog
D:\Users\pakulkarni\Documents\Visual Studio 2012\Projects\TeslaCompute\TeslaCompute\Debug\link.7224.read.1.tlog
D:\Users\pakulkarni\Documents\Visual Studio 2012\Projects\TeslaCompute\TeslaCompute\Debug\link.7224.write.1.tlog
D:\Users\pakulkarni\Documents\Visual Studio 2012\Projects\TeslaCompute\TeslaCompute\Debug\link.7708-cvtres.read.1.tlog
D:\Users\pakulkarni\Documents\Visual Studio 2012\Projects\TeslaCompute\TeslaCompute\Debug\link.7708-cvtres.write.1.tlog
D:\Users\pakulkarni\Documents\Visual Studio 2012\Projects\TeslaCompute\TeslaCompute\Debug\link.7708-rc.read.1.tlog
D:\Users\pakulkarni\Documents\Visual Studio 2012\Projects\TeslaCompute\TeslaCompute\Debug\link.7708-rc.write.1.tlog
D:\Users\pakulkarni\Documents\Visual Studio 2012\Projects\TeslaCompute\TeslaCompute\Debug\link.7708.read.1.tlog
D:\Users\pakulkarni\Documents\Visual Studio 2012\Projects\TeslaCompute\TeslaCompute\Debug\link.7708.write.1.tlog
D:\Users\pakulkarni\Documents\Visual Studio 2012\Projects\TeslaCompute\TeslaCompute\Debug\link.8888-cvtres.read.1.tlog
D:\Users\pakulkarni\Documents\Visual Studio 2012\Projects\TeslaCompute\TeslaCompute\Debug\link.8888-cvtres.write.1.tlog
D:\Users\pakulkarni\Documents\Visual Studio 2012\Projects\TeslaCompute\TeslaCompute\Debug\link.8888-rc.read.1.tlog
D:\Users\pakulkarni\Documents\Visual Studio 2012\Projects\TeslaCompute\TeslaCompute\Debug\link.8888-rc.write.1.tlog
D:\Users\pakulkarni\Documents\Visual Studio 2012\Projects\TeslaCompute\TeslaCompute\Debug\link.8888.read.1.tlog
D:\Users\pakulkarni\Documents\Visual Studio 2012\Projects\TeslaCompute\TeslaCompute\Debug\link.8888.write.1.tlog
D:\Users\pakulkarni\Documents\Visual Studio 2012\Projects\TeslaCompute\TeslaCompute\Debug\link.8912-cvtres.read.1.tlog
D:\Users\pakulkarni\Documents\Visual Studio 2012\Projects\TeslaCompute\TeslaCompute\Debug\link.8912-cvtres.write.1.tlog
D:\Users\pakulkarni\Documents\Visual Studio 2012\Projects\TeslaCompute\TeslaCompute\Debug\link.8912-rc.read.1.tlog
D:\Users\pakulkarni\Documents\Visual Studio 2012\Projects\TeslaCompute\TeslaCompute\Debug\link.8912-rc.write.1.tlog
D:\Users\pakulkarni\Documents\Visual Studio 2012\Projects\TeslaCompute\TeslaCompute\Debug\link.8912.read.1.tlog
D:\Users\pakulkarni\Documents\Visual Studio 2012\Projects\TeslaCompute\TeslaCompute\Debug\link.8912.write.1.tlog
D:\Users\pakulkarni\Documents\Visual Studio 2012\Projects\TeslaCompute\TeslaCompute\Debug\link.9292-cvtres.read.1.tlog
D:\Users\pakulkarni\Documents\Visual Studio 2012\Projects\TeslaCompute\TeslaCompute\Debug\link.9292-cvtres.write.1.tlog
D:\Users\pakulkarni\Documents\Visual Studio 2012\Projects\TeslaCompute\TeslaCompute\Debug\link.9292-rc.read.1.tlog
D:\Users\pakulkarni\Documents\Visual Studio 2012\Projects\TeslaCompute\TeslaCompute\Debug\link.9292-rc.write.1.tlog
D:\Users\pakulkarni\Documents\Visual Studio 2012\Projects\TeslaCompute\TeslaCompute\Debug\link.9292.read.1.tlog
D:\Users\pakulkarni\Documents\Visual Studio 2012\Projects\TeslaCompute\TeslaCompute\Debug\link.9292.write.1.tlog
D:\Users\pakulkarni\Documents\Visual Studio 2012\Projects\TeslaCompute\TeslaCompute\Debug\link.command.1.tlog
D:\Users\pakulkarni\Documents\Visual Studio 2012\Projects\TeslaCompute\TeslaCompute\Debug\link.read.1.tlog
D:\Users\pakulkarni\Documents\Visual Studio 2012\Projects\TeslaCompute\TeslaCompute\Debug\link.write.1.tlog
D:\Users\pakulkarni\Documents\Visual Studio 2012\Projects\TeslaCompute\TeslaCompute\Debug\vc110.idb
D:\Users\pakulkarni\Documents\Visual Studio 2012\Projects\TeslaCompute\TeslaCompute\Debug\vc110.pdb
D:\Users\pakulkarni\Documents\Visual Studio 2012\Projects\TeslaCompute\Debug\TeslaCompute.pdb
D:\Users\pakulkarni\Documents\Visual Studio 2012\Projects\TeslaCompute\Debug\TeslaCompute.exe
D:\Users\pakulkarni\Documents\Visual Studio 2012\Projects\TeslaCompute\Debug\TeslaCompute.ilk
